#
# There is insufficient memory for the Java Runtime Environment to continue.
# Native memory allocation (malloc) failed to allocate 1048576 bytes for AllocateHeap
# Possible reasons:
#   The system is out of physical RAM or swap space
#   In 32 bit mode, the process size limit was hit
# Possible solutions:
#   Reduce memory load on the system
#   Increase physical memory or swap space
#   Check if swap backing store is full
#   Use 64 bit Java on a 64 bit OS
#   Decrease Java heap size (-Xmx/-Xms)
#   Decrease number of Java threads
#   Decrease Java thread stack sizes (-Xss)
#   Set larger code cache with -XX:ReservedCodeCacheSize=
# This output file may be truncated or incomplete.
#
#  Out of Memory Error (memory/allocation.inline.hpp:61), pid=23668, tid=6304
#
# JRE version:  (8.0_74-b02) (build )
# Java VM: Java HotSpot(TM) 64-Bit Server VM (25.74-b02 mixed mode windows-amd64 compressed oops)
# Failed to write core dump. Minidumps are not enabled by default on client versions of Windows
#

---------------  T H R E A D  ---------------

Current thread (0x00000000025ce000):  JavaThread "Unknown thread" [_thread_in_vm, id=6304, stack(0x00000000025d0000,0x00000000026d0000)]

Stack: [0x00000000025d0000,0x00000000026d0000]
[error occurred during error reporting (printing stack bounds), id 0xc0000005]

Native frames: (J=compiled Java code, j=interpreted, Vv=VM code, C=native code)


---------------  P R O C E S S  ---------------

Java Threads: ( => current thread )

Other Threads:

=>0x00000000025ce000 (exited) JavaThread "Unknown thread" [_thread_in_vm, id=6304, stack(0x00000000025d0000,0x00000000026d0000)]

VM state:not at safepoint (normal execution)

VM Mutex/Monitor currently owned by a thread: None

Heap:
 PSYoungGen      total 35328K, used 614K [0x00000000d8f00000, 0x00000000db600000, 0x0000000100000000)
  eden space 30720K, 2% used [0x00000000d8f00000,0x00000000d8f999a8,0x00000000dad00000)
  from space 4608K, 0% used [0x00000000db180000,0x00000000db180000,0x00000000db600000)
  to   space 4608K, 0% used [0x00000000dad00000,0x00000000dad00000,0x00000000db180000)
 ParOldGen       total 80896K, used 0K [0x000000008ac00000, 0x000000008fb00000, 0x00000000d8f00000)
  object space 80896K, 0% used [0x000000008ac00000,0x000000008ac00000,0x000000008fb00000)
 Metaspace       used 769K, capacity 4480K, committed 4480K, reserved 1056768K
  class space    used 75K, capacity 384K, committed 384K, reserved 1048576K

Card table byte_map: [0x0000000011b90000,0x0000000011f40000] byte_map_base: 0x000000001173a000

Marking Bits: (ParMarkBitMap*) 0x000000005c0a0600
 Begin Bits: [0x0000000012ec0000, 0x0000000014c10000)
 End Bits:   [0x0000000014c10000, 0x0000000016960000)

Polling page: 0x0000000000c90000

CodeCache: size=245760Kb used=327Kb max_used=327Kb free=245432Kb
 bounds [0x00000000027d0000, 0x0000000002a40000, 0x00000000117d0000]
 total_blobs=57 nmethods=0 adapters=38
 compilation: enabled

Compilation events (0 events):
No events

GC Heap History (0 events):
No events

Deoptimization events (0 events):
No events

Internal exceptions (0 events):
No events

Events (10 events):
Event: 0.027 loading class java/lang/Short
Event: 0.027 loading class java/lang/Short done
Event: 0.027 loading class java/lang/Integer
Event: 0.027 loading class java/lang/Integer done
Event: 0.027 loading class java/lang/Long
Event: 0.027 loading class java/lang/Long done
Event: 0.028 loading class java/lang/NullPointerException
Event: 0.028 loading class java/lang/NullPointerException done
Event: 0.028 loading class java/lang/ArithmeticException
Event: 0.028 loading class java/lang/ArithmeticException done


Dynamic libraries:
0x00007ff6190a0000 - 0x00007ff6190d7000 	C:\Program Files\Java\jdk1.8.0_74\bin\java.exe
0x00007ffde11f0000 - 0x00007ffde1407000 	C:\WINDOWS\SYSTEM32\ntdll.dll
0x00007ffddfee0000 - 0x00007ffddffa4000 	C:\WINDOWS\System32\KERNEL32.DLL
0x00007ffdde890000 - 0x00007ffddec62000 	C:\WINDOWS\System32\KERNELBASE.dll
0x00007ffddfc60000 - 0x00007ffddfd11000 	C:\WINDOWS\System32\ADVAPI32.dll
0x00007ffddffb0000 - 0x00007ffde0057000 	C:\WINDOWS\System32\msvcrt.dll
0x00007ffde06f0000 - 0x00007ffde0798000 	C:\WINDOWS\System32\sechost.dll
0x00007ffdde860000 - 0x00007ffdde888000 	C:\WINDOWS\System32\bcrypt.dll
0x00007ffde0a20000 - 0x00007ffde0b34000 	C:\WINDOWS\System32\RPCRT4.dll
0x00007ffddfd20000 - 0x00007ffddfed1000 	C:\WINDOWS\System32\USER32.dll
0x00007ffdde3a0000 - 0x00007ffdde3c6000 	C:\WINDOWS\System32\win32u.dll
0x00007ffde01b0000 - 0x00007ffde01d9000 	C:\WINDOWS\System32\GDI32.dll
0x00007ffdde730000 - 0x00007ffdde853000 	C:\WINDOWS\System32\gdi32full.dll
0x00007ffddede0000 - 0x00007ffddee7a000 	C:\WINDOWS\System32\msvcp_win.dll
0x00007ffdde590000 - 0x00007ffdde6a1000 	C:\WINDOWS\System32\ucrtbase.dll
0x00007ffdc3fc0000 - 0x00007ffdc425b000 	C:\WINDOWS\WinSxS\amd64_microsoft.windows.common-controls_6595b64144ccf1df_6.0.22621.5415_none_270d77d17387d7da\COMCTL32.dll
0x00007ffde0060000 - 0x00007ffde0091000 	C:\WINDOWS\System32\IMM32.DLL
0x000000005c2c0000 - 0x000000005c392000 	C:\Program Files\Java\jdk1.8.0_74\jre\bin\msvcr100.dll
0x000000005b890000 - 0x000000005c120000 	C:\Program Files\Java\jdk1.8.0_74\jre\bin\server\jvm.dll
0x00007ffddfbe0000 - 0x00007ffddfbe8000 	C:\WINDOWS\System32\PSAPI.DLL
0x00007ffdc1460000 - 0x00007ffdc1469000 	C:\WINDOWS\SYSTEM32\WSOCK32.dll
0x00007ffdd9cb0000 - 0x00007ffdd9cba000 	C:\WINDOWS\SYSTEM32\VERSION.dll
0x00007ffdd87f0000 - 0x00007ffdd8824000 	C:\WINDOWS\SYSTEM32\WINMM.dll
0x00007ffddfa40000 - 0x00007ffddfab1000 	C:\WINDOWS\System32\WS2_32.dll
0x000000005c2b0000 - 0x000000005c2bf000 	C:\Program Files\Java\jdk1.8.0_74\jre\bin\verify.dll
0x000000005c280000 - 0x000000005c2a9000 	C:\Program Files\Java\jdk1.8.0_74\jre\bin\java.dll
0x000000005c260000 - 0x000000005c276000 	C:\Program Files\Java\jdk1.8.0_74\jre\bin\zip.dll

VM Arguments:
jvm_args: -Dfile.encoding=UTF-8 -Ddb2.jcc.charsetDecoderEncoder=3 
java_command: com.ibm.db2.server.DssLauncher 3000 off c:\Users\hp\AppData\Roaming\Code\logs\20250803T191945\window1\exthost\IBM.db2forzosdeveloperextension -Xmx256M
java_class_path (initial): c:\Users\hp\.vscode\extensions\ibm.db2forzosdeveloperextension-2.2.3\dist\dss-dist-2.2.3.jar;;c:\Users\hp\.vscode\extensions\ibm.db2forzosdeveloperextension-2.2.3\lib\db2jcc4.jar;c:\Users\hp\.vscode\extensions\ibm.db2forzosdeveloperextension-2.2.3\lib\sqlj4.zip
Launcher Type: SUN_STANDARD

Environment Variables:
PATH=C:\Program Files\Eclipse Adoptium\jdk-11.0.27.6-hotspot\bin;C:\Program Files (x86)\Common Files\Oracle\Java\java8path;C:\Program Files (x86)\Common Files\Oracle\Java\javapath;C:\Program Files (x86)\Common Files\Intel\Shared Libraries\redist\intel64\compiler;C:\WINDOWS\system32;C:\WINDOWS;C:\WINDOWS\System32\Wbem;C:\WINDOWS\System32\WindowsPowerShell\v1.0\;C:\WINDOWS\System32\OpenSSH\;C:\Program Files\Git\cmd;C:\Program Files\nodejs\;C:\Program Files\Go\bin;C:\Users\hp\AppData\Local\Programs\Python\Python312\Scripts\;C:\Users\hp\AppData\Local\Programs\Python\Python312\;C:\flutter\bin;C:\Users\hp\AppData\Local\Programs\Python\Launcher\;C:\Users\hp\AppData\Local\Microsoft\WindowsApps;D:\Microsoft VS Code\bin;C:\Users\hp\AppData\Local\Pub\Cache\bin;C:\Program Files\PostgreSQL\17\bin;C:\Users\hp\AppData\Roaming\npm;C:\xampp\php;C:\Users\hp\go\bin;C:\ffmpeg\bin;C:\Users\hp\AppData\Local\Android\sdk\platform-tools;
USERNAME=hp
OS=Windows_NT
PROCESSOR_IDENTIFIER=AMD64 Family 23 Model 104 Stepping 1, AuthenticAMD



---------------  S Y S T E M  ---------------

OS: Windows 10.0 , 64 bit Build 22621 (10.0.22621.5415)

CPU:total 16 (16 cores per cpu, 1 threads per core) family 23 model 104 stepping 1, cmov, cx8, fxsr, mmx, sse, sse2, sse3, ssse3, sse4.1, sse4.2, popcnt, avx, avx2, aes, clmul, mmxext, 3dnowpref, lzcnt, sse4a, tsc, tscinvbit, tscinv, bmi1

Memory: 4k page, physical 7681884k(303976k free), swap 21700836k(5324k free)

vm_info: Java HotSpot(TM) 64-Bit Server VM (25.74-b02) for windows-amd64 JRE (1.8.0_74-b02), built on Jan 29 2016 17:42:36 by "java_re" with MS VC++ 10.0 (VS2010)

time: Sun Aug 03 19:20:07 2025
elapsed time: 0 seconds (0d 0h 0m 0s)

